# JRE version: OpenJDK Runtime Environment (8.0_242-b01) (build 1.8.0_242-release-1644-b01)
# Java VM: OpenJDK 64-Bit Server VM (25.242-b01 mixed mode windows-amd64 compressed oops)
Heap:
 PSYoungGen      total 281600K, used 19446K [0x00000000d5580000, 0x00000000e8d80000, 0x0000000100000000)
  eden space 262144K, 0% used [0x00000000d5580000,0x00000000d5580000,0x00000000e5580000)
  from space 19456K, 99% used [0x00000000e6e00000,0x00000000e80fd980,0x00000000e8100000)
  to   space 25088K, 0% used [0x00000000e5580000,0x00000000e5580000,0x00000000e6e00000)
 ParOldGen       total 332800K, used 20022K [0x0000000080000000, 0x0000000094500000, 0x00000000d5580000)
  object space 332800K, 6% used [0x0000000080000000,0x000000008138d870,0x0000000094500000)
 Metaspace       used 56729K, capacity 59147K, committed 59160K, reserved 1099776K
  class space    used 7750K, capacity 8240K, committed 8240K, reserved 1048576K
GC Heap History (10 events):
Event: 2.644 GC heap after
Heap after GC invocations=4 (full 1):
 PSYoungGen      total 153088K, used 14025K [0x00000000d5580000, 0x00000000e3b00000, 0x0000000100000000)
  eden space 131584K, 0% used [0x00000000d5580000,0x00000000d5580000,0x00000000dd600000)
  from space 21504K, 65% used [0x00000000dd600000,0x00000000de3b24b0,0x00000000deb00000)
  to   space 21504K, 0% used [0x00000000e2600000,0x00000000e2600000,0x00000000e3b00000)
 ParOldGen       total 215552K, used 13563K [0x0000000080000000, 0x000000008d280000, 0x00000000d5580000)
  object space 215552K, 6% used [0x0000000080000000,0x0000000080d3ecb0,0x000000008d280000)
 Metaspace       used 32668K, capacity 33636K, committed 33712K, reserved 1079296K
  class space    used 4439K, capacity 4718K, committed 4784K, reserved 1048576K
}
Event: 2.764 GC heap before
{Heap before GC invocations=5 (full 1):
 PSYoungGen      total 153088K, used 50655K [0x00000000d5580000, 0x00000000e3b00000, 0x0000000100000000)
  eden space 131584K, 27% used [0x00000000d5580000,0x00000000d7945a78,0x00000000dd600000)
  from space 21504K, 65% used [0x00000000dd600000,0x00000000de3b24b0,0x00000000deb00000)
  to   space 21504K, 0% used [0x00000000e2600000,0x00000000e2600000,0x00000000e3b00000)
 ParOldGen       total 215552K, used 13563K [0x0000000080000000, 0x000000008d280000, 0x00000000d5580000)
  object space 215552K, 6% used [0x0000000080000000,0x0000000080d3ecb0,0x000000008d280000)
 Metaspace       used 34257K, capacity 35412K, committed 35496K, reserved 1079296K
  class space    used 4705K, capacity 5001K, committed 5040K, reserved 1048576K
Event: 2.768 GC heap after
Heap after GC invocations=5 (full 1):
 PSYoungGen      total 213504K, used 8311K [0x00000000d5580000, 0x00000000e4c00000, 0x0000000100000000)
  eden space 192000K, 0% used [0x00000000d5580000,0x00000000d5580000,0x00000000e1100000)
  from space 21504K, 38% used [0x00000000e2600000,0x00000000e2e1dc28,0x00000000e3b00000)
  to   space 21504K, 0% used [0x00000000e1100000,0x00000000e1100000,0x00000000e2600000)
 ParOldGen       total 215552K, used 13571K [0x0000000080000000, 0x000000008d280000, 0x00000000d5580000)
  object space 215552K, 6% used [0x0000000080000000,0x0000000080d40cb0,0x000000008d280000)
 Metaspace       used 34257K, capacity 35412K, committed 35496K, reserved 1079296K
  class space    used 4705K, capacity 5001K, committed 5040K, reserved 1048576K
}
Event: 2.768 GC heap before
{Heap before GC invocations=6 (full 2):
 PSYoungGen      total 213504K, used 8311K [0x00000000d5580000, 0x00000000e4c00000, 0x0000000100000000)
  eden space 192000K, 0% used [0x00000000d5580000,0x00000000d5580000,0x00000000e1100000)
  from space 21504K, 38% used [0x00000000e2600000,0x00000000e2e1dc28,0x00000000e3b00000)
  to   space 21504K, 0% used [0x00000000e1100000,0x00000000e1100000,0x00000000e2600000)
 ParOldGen       total 215552K, used 13571K [0x0000000080000000, 0x000000008d280000, 0x00000000d5580000)
  object space 215552K, 6% used [0x0000000080000000,0x0000000080d40cb0,0x000000008d280000)
 Metaspace       used 34257K, capacity 35412K, committed 35496K, reserved 1079296K
  class space    used 4705K, capacity 5001K, committed 5040K, reserved 1048576K
Event: 2.790 GC heap after
Heap after GC invocations=6 (full 2):
 PSYoungGen      total 213504K, used 0K [0x00000000d5580000, 0x00000000e4c00000, 0x0000000100000000)
  eden space 192000K, 0% used [0x00000000d5580000,0x00000000d5580000,0x00000000e1100000)
  from space 21504K, 0% used [0x00000000e2600000,0x00000000e2600000,0x00000000e3b00000)
  to   space 21504K, 0% used [0x00000000e1100000,0x00000000e1100000,0x00000000e2600000)
 ParOldGen       total 332800K, used 14734K [0x0000000080000000, 0x0000000094500000, 0x00000000d5580000)
  object space 332800K, 4% used [0x0000000080000000,0x0000000080e63810,0x0000000094500000)
 Metaspace       used 34257K, capacity 35412K, committed 35496K, reserved 1079296K
  class space    used 4705K, capacity 5001K, committed 5040K, reserved 1048576K
}
Event: 3.949 GC heap before
{Heap before GC invocations=7 (full 2):
 PSYoungGen      total 213504K, used 192000K [0x00000000d5580000, 0x00000000e4c00000, 0x0000000100000000)
  eden space 192000K, 100% used [0x00000000d5580000,0x00000000e1100000,0x00000000e1100000)
  from space 21504K, 0% used [0x00000000e2600000,0x00000000e2600000,0x00000000e3b00000)
  to   space 21504K, 0% used [0x00000000e1100000,0x00000000e1100000,0x00000000e2600000)
 ParOldGen       total 332800K, used 14734K [0x0000000080000000, 0x0000000094500000, 0x00000000d5580000)
  object space 332800K, 4% used [0x0000000080000000,0x0000000080e63810,0x0000000094500000)
 Metaspace       used 45674K, capacity 47684K, committed 47784K, reserved 1091584K
  class space    used 6171K, capacity 6550K, committed 6576K, reserved 1048576K
Event: 3.957 GC heap after
Heap after GC invocations=7 (full 2):
 PSYoungGen      total 213504K, used 17007K [0x00000000d5580000, 0x00000000e8100000, 0x0000000100000000)
  eden space 192000K, 0% used [0x00000000d5580000,0x00000000d5580000,0x00000000e1100000)
  from space 21504K, 79% used [0x00000000e1100000,0x00000000e219bec0,0x00000000e2600000)
  to   space 19456K, 0% used [0x00000000e6e00000,0x00000000e6e00000,0x00000000e8100000)
 ParOldGen       total 332800K, used 14742K [0x0000000080000000, 0x0000000094500000, 0x00000000d5580000)
  object space 332800K, 4% used [0x0000000080000000,0x0000000080e65810,0x0000000094500000)
 Metaspace       used 45674K, capacity 47684K, committed 47784K, reserved 1091584K
  class space    used 6171K, capacity 6550K, committed 6576K, reserved 1048576K
}
Event: 4.882 GC heap before
{Heap before GC invocations=8 (full 2):
 PSYoungGen      total 213504K, used 149919K [0x00000000d5580000, 0x00000000e8100000, 0x0000000100000000)
  eden space 192000K, 69% used [0x00000000d5580000,0x00000000dd74bde0,0x00000000e1100000)
  from space 21504K, 79% used [0x00000000e1100000,0x00000000e219bec0,0x00000000e2600000)
  to   space 19456K, 0% used [0x00000000e6e00000,0x00000000e6e00000,0x00000000e8100000)
 ParOldGen       total 332800K, used 14742K [0x0000000080000000, 0x0000000094500000, 0x00000000d5580000)
  object space 332800K, 4% used [0x0000000080000000,0x0000000080e65810,0x0000000094500000)
 Metaspace       used 56729K, capacity 59147K, committed 59160K, reserved 1099776K
  class space    used 7750K, capacity 8240K, committed 8240K, reserved 1048576K
Event: 4.894 GC heap after
Heap after GC invocations=8 (full 2):
 PSYoungGen      total 281600K, used 19446K [0x00000000d5580000, 0x00000000e8d80000, 0x0000000100000000)
  eden space 262144K, 0% used [0x00000000d5580000,0x00000000d5580000,0x00000000e5580000)
  from space 19456K, 99% used [0x00000000e6e00000,0x00000000e80fd980,0x00000000e8100000)
  to   space 25088K, 0% used [0x00000000e5580000,0x00000000e5580000,0x00000000e6e00000)
 ParOldGen       total 332800K, used 20022K [0x0000000080000000, 0x0000000094500000, 0x00000000d5580000)
  object space 332800K, 6% used [0x0000000080000000,0x000000008138d870,0x0000000094500000)
 Metaspace       used 56729K, capacity 59147K, committed 59160K, reserved 1099776K
  class space    used 7750K, capacity 8240K, committed 8240K, reserved 1048576K
}
Event: 4.894 GC heap before
{Heap before GC invocations=9 (full 3):
 PSYoungGen      total 281600K, used 19446K [0x00000000d5580000, 0x00000000e8d80000, 0x0000000100000000)
  eden space 262144K, 0% used [0x00000000d5580000,0x00000000d5580000,0x00000000e5580000)
  from space 19456K, 99% used [0x00000000e6e00000,0x00000000e80fd980,0x00000000e8100000)
  to   space 25088K, 0% used [0x00000000e5580000,0x00000000e5580000,0x00000000e6e00000)
 ParOldGen       total 332800K, used 20022K [0x0000000080000000, 0x0000000094500000, 0x00000000d5580000)
  object space 332800K, 6% used [0x0000000080000000,0x000000008138d870,0x0000000094500000)
 Metaspace       used 56729K, capacity 59147K, committed 59160K, reserved 1099776K
  class space    used 7750K, capacity 8240K, committed 8240K, reserved 1048576K

